<?xml version="1.0" encoding="UTF-8"?>
<!-- Generated by org.testng.reporters.JUnitReportReporter -->
<testsuite hostname="LAPTOP-DJBK0729" failures="0" tests="1" name="testhomepage.TestHomePage" time="16.281" errors="0" timestamp="2020-02-18T23:38:54 EST" skipped="0">
  <testcase classname="testhomepage.TestHomePage" name="searchMobile" time="16.281"/>
  <system-out/>
</testsuite> <!-- testhomepage.TestHomePage -->
